platforms/android/app/build/outputs/logs/manifest-merger-debug-report.txt
-- Merging decision tree log ---
provider#org.apache.cordova.camera.FileProvider
INJECTED from src\main\AndroidManifest.xml:102:9-104:20
	android:grantUriPermissions
		ADDED from src\main\AndroidManifest.xml:102:92-126
	android:authorities
		INJECTED from src\main\AndroidManifest.xml
		ADDED from src\main\AndroidManifest.xml:102:19-66
	android:exported
		ADDED from src\main\AndroidManifest.xml:102:67-91
	android:name
		ADDED from src\main\AndroidManifest.xml:102:127-180
manifest
ADDED from src\main\AndroidManifest.xml:2:1-120:12
INJECTED from src\main\AndroidManifest.xml:2:1-120:12
INJECTED from src\main\AndroidManifest.xml:2:1-120:12
INJECTED from src\main\AndroidManifest.xml:2:1-120:12
MERGED from [:CordovaLib] AndroidManifest.xml:20:1-27:12
MERGED from [com.android.support:appcompat-v7:24.1.1] AndroidManifest.xml:17:1-27:12
MERGED from [com.android.support:animated-vector-drawable:24.1.1] AndroidManifest.xml:17:1-24:12
MERGED from [com.android.support:support-vector-drawable:24.1.1] AndroidManifest.xml:17:1-25:12
MERGED from [com.android.support:support-v4:24.1.1] AndroidManifest.xml:17:1-27:12
INJECTED from src\main\AndroidManifest.xml:2:1-120:12
INJECTED from src\main\AndroidManifest.xml:2:1-120:12
INJECTED from src\main\AndroidManifest.xml:2:1-120:12
	package
		ADDED from src\main\AndroidManifest.xml:2:102-128
		INJECTED from src\main\AndroidManifest.xml
		INJECTED from src\main\AndroidManifest.xml
	android:versionName
		ADDED from src\main\AndroidManifest.xml:2:74-101
		INJECTED from src\main\AndroidManifest.xml
		INJECTED from src\main\AndroidManifest.xml
	android:hardwareAccelerated
		ADDED from src\main\AndroidManifest.xml:2:11-45
	xmlns:android
		ADDED from src\main\AndroidManifest.xml:2:129-187
	android:versionCode
		ADDED from src\main\AndroidManifest.xml:2:46-73
		INJECTED from src\main\AndroidManifest.xml
		INJECTED from src\main\AndroidManifest.xml
supports-screens
ADDED from src\main\AndroidManifest.xml:3:5-191
	android:largeScreens
		ADDED from src\main\AndroidManifest.xml:3:49-76
	android:smallScreens
		ADDED from src\main\AndroidManifest.xml:3:132-159
	android:normalScreens
		ADDED from src\main\AndroidManifest.xml:3:77-105
	android:xlargeScreens
		ADDED from src\main\AndroidManifest.xml:3:160-188
	android:resizeable
		ADDED from src\main\AndroidManifest.xml:3:106-131
	android:anyDensity
		ADDED from src\main\AndroidManifest.xml:3:23-48
uses-permission#android.permission.INTERNET
ADDED from src\main\AndroidManifest.xml:4:5-67
	android:name
		ADDED from src\main\AndroidManifest.xml:4:22-64
application
ADDED from src\main\AndroidManifest.xml:5:5-105:19
MERGED from [com.android.support:appcompat-v7:24.1.1] AndroidManifest.xml:25:5-20
MERGED from [com.android.support:appcompat-v7:24.1.1] AndroidManifest.xml:25:5-20
MERGED from [com.android.support:animated-vector-drawable:24.1.1] AndroidManifest.xml:22:5-20
MERGED from [com.android.support:animated-vector-drawable:24.1.1] AndroidManifest.xml:22:5-20
MERGED from [com.android.support:support-vector-drawable:24.1.1] AndroidManifest.xml:23:5-20
MERGED from [com.android.support:support-vector-drawable:24.1.1] AndroidManifest.xml:23:5-20
MERGED from [com.android.support:support-v4:24.1.1] AndroidManifest.xml:25:5-20
MERGED from [com.android.support:support-v4:24.1.1] AndroidManifest.xml:25:5-20
	android:supportsRtl
		ADDED from src\main\AndroidManifest.xml:5:114-140
	android:label
		ADDED from src\main\AndroidManifest.xml:5:81-113
	android:hardwareAccelerated
		ADDED from src\main\AndroidManifest.xml:5:18-52
	android:icon
		ADDED from src\main\AndroidManifest.xml:5:53-80
activity#com.xiyu.showapp.MainActivity
ADDED from src\main\AndroidManifest.xml:6:9-12:20
	android:label
		ADDED from src\main\AndroidManifest.xml:6:97-134
	android:launchMode
		ADDED from src\main\AndroidManifest.xml:6:135-165
	android:windowSoftInputMode
		ADDED from src\main\AndroidManifest.xml:6:257-299
	android:configChanges
		ADDED from src\main\AndroidManifest.xml:6:19-96
	android:theme
		ADDED from src\main\AndroidManifest.xml:6:194-256
	android:name
		ADDED from src\main\AndroidManifest.xml:6:166-193
intent-filter#action:name:android.intent.action.MAIN+category:name:android.intent.category.LAUNCHER
ADDED from src\main\AndroidManifest.xml:7:13-10:29
	android:label
		ADDED from src\main\AndroidManifest.xml:7:28-65
action#android.intent.action.MAIN
ADDED from src\main\AndroidManifest.xml:8:17-69
	android:name
		ADDED from src\main\AndroidManifest.xml:8:25-66
category#android.intent.category.LAUNCHER
ADDED from src\main\AndroidManifest.xml:9:17-77
	android:name
		ADDED from src\main\AndroidManifest.xml:9:27-74
activity#com.google.zxing.client.android.CaptureActivity
ADDED from src\main\AndroidManifest.xml:13:9-49:20
	android:screenOrientation
		ADDED from src\main\AndroidManifest.xml:14:13-49
	android:stateNotNeeded
		ADDED from src\main\AndroidManifest.xml:15:13-42
	android:name
		ADDED from src\main\AndroidManifest.xml:13:19-81
intent-filter#action:name:com.google.zxing.client.android.SCAN+category:name:android.intent.category.DEFAULT
ADDED from src\main\AndroidManifest.xml:17:13-20:29
action#com.google.zxing.client.android.SCAN
ADDED from src\main\AndroidManifest.xml:18:17-78
	android:name
		ADDED from src\main\AndroidManifest.xml:18:25-76
category#android.intent.category.DEFAULT
ADDED from src\main\AndroidManifest.xml:19:17-75
	android:name
		ADDED from src\main\AndroidManifest.xml:19:27-73
intent-filter#action:name:android.intent.action.VIEW+category:name:android.intent.category.BROWSABLE+category:name:android.intent.category.DEFAULT+data:host:zxing.appspot.com+data:path:/scan+data:scheme:http
ADDED from src\main\AndroidManifest.xml:22:13-27:29
action#android.intent.action.VIEW
ADDED from src\main\AndroidManifest.xml:23:17-68
	android:name
		ADDED from src\main\AndroidManifest.xml:23:25-66
category#android.intent.category.BROWSABLE
ADDED from src\main\AndroidManifest.xml:25:17-77
	android:name
		ADDED from src\main\AndroidManifest.xml:25:27-75
data
ADDED from src\main\AndroidManifest.xml:26:17-100
	android:path
		ADDED from src\main\AndroidManifest.xml:26:78-98
	android:host
		ADDED from src\main\AndroidManifest.xml:26:45-77
	android:scheme
		ADDED from src\main\AndroidManifest.xml:26:23-44
	android:mimeType
		ADDED from src\main\AndroidManifest.xml:63:23-54
intent-filter#action:name:android.intent.action.VIEW+category:name:android.intent.category.BROWSABLE+category:name:android.intent.category.DEFAULT+data:host:www.google.com+data:path:/m/products/scan+data:scheme:http
ADDED from src\main\AndroidManifest.xml:29:13-34:29
intent-filter#action:name:android.intent.action.VIEW+category:name:android.intent.category.BROWSABLE+category:name:android.intent.category.DEFAULT+data:host:www.google.co.uk+data:path:/m/products/scan+data:scheme:http
ADDED from src\main\AndroidManifest.xml:36:13-41:29
intent-filter#action:name:android.intent.action.VIEW+category:name:android.intent.category.BROWSABLE+category:name:android.intent.category.DEFAULT+data:host:scan+data:path:/+data:scheme:zxing
ADDED from src\main\AndroidManifest.xml:43:13-48:29
activity#com.google.zxing.client.android.PreferencesActivity
ADDED from src\main\AndroidManifest.xml:50:9-52:44
	android:stateNotNeeded
		ADDED from src\main\AndroidManifest.xml:52:13-42
	android:label
		ADDED from src\main\AndroidManifest.xml:51:13-53
	android:name
		ADDED from src\main\AndroidManifest.xml:50:19-85
activity#com.google.zxing.client.android.encode.EncodeActivity
ADDED from src\main\AndroidManifest.xml:53:9-71:20
	android:stateNotNeeded
		ADDED from src\main\AndroidManifest.xml:54:13-42
	android:name
		ADDED from src\main\AndroidManifest.xml:53:19-87
intent-filter#action:name:com.google.zxing.client.android.ENCODE+category:name:android.intent.category.DEFAULT
ADDED from src\main\AndroidManifest.xml:55:13-58:29
action#com.google.zxing.client.android.ENCODE
ADDED from src\main\AndroidManifest.xml:56:17-80
	android:name
		ADDED from src\main\AndroidManifest.xml:56:25-78
intent-filter#action:name:android.intent.action.SEND+category:name:android.intent.category.DEFAULT+data:mimeType:text/x-vcard
ADDED from src\main\AndroidManifest.xml:60:13-64:29
action#android.intent.action.SEND
ADDED from src\main\AndroidManifest.xml:61:17-68
	android:name
		ADDED from src\main\AndroidManifest.xml:61:25-66
intent-filter#action:name:android.intent.action.SEND+category:name:android.intent.category.DEFAULT+data:mimeType:text/plain
ADDED from src\main\AndroidManifest.xml:66:13-70:29
activity#com.google.zxing.client.android.book.SearchBookContentsActivity
ADDED from src\main\AndroidManifest.xml:72:9-80:20
	android:screenOrientation
		ADDED from src\main\AndroidManifest.xml:75:13-56
	android:stateNotNeeded
		ADDED from src\main\AndroidManifest.xml:74:13-42
	android:label
		ADDED from src\main\AndroidManifest.xml:73:13-45
	android:name
		ADDED from src\main\AndroidManifest.xml:72:19-97
intent-filter#action:name:com.google.zxing.client.android.SEARCH_BOOK_CONTENTS+category:name:android.intent.category.DEFAULT
ADDED from src\main\AndroidManifest.xml:76:13-79:29
action#com.google.zxing.client.android.SEARCH_BOOK_CONTENTS
ADDED from src\main\AndroidManifest.xml:77:17-94
	android:name
		ADDED from src\main\AndroidManifest.xml:77:25-92
activity#com.google.zxing.client.android.share.ShareActivity
ADDED from src\main\AndroidManifest.xml:81:9-88:20
	android:screenOrientation
		ADDED from src\main\AndroidManifest.xml:83:13-45
	android:stateNotNeeded
		ADDED from src\main\AndroidManifest.xml:82:13-42
	android:name
		ADDED from src\main\AndroidManifest.xml:81:19-85
intent-filter#action:name:com.google.zxing.client.android.SHARE+category:name:android.intent.category.DEFAULT
ADDED from src\main\AndroidManifest.xml:84:13-87:29
action#com.google.zxing.client.android.SHARE
ADDED from src\main\AndroidManifest.xml:85:17-79
	android:name
		ADDED from src\main\AndroidManifest.xml:85:25-77
activity#com.google.zxing.client.android.history.HistoryActivity
ADDED from src\main\AndroidManifest.xml:89:9-91:44
	android:stateNotNeeded
		ADDED from src\main\AndroidManifest.xml:91:13-42
	android:label
		ADDED from src\main\AndroidManifest.xml:90:13-50
	android:name
		ADDED from src\main\AndroidManifest.xml:89:19-89
activity#com.google.zxing.client.android.share.BookmarkPickerActivity
ADDED from src\main\AndroidManifest.xml:92:9-94:44
	android:stateNotNeeded
		ADDED from src\main\AndroidManifest.xml:94:13-42
	android:label
		ADDED from src\main\AndroidManifest.xml:93:13-57
	android:name
		ADDED from src\main\AndroidManifest.xml:92:19-94
activity#com.google.zxing.client.android.share.AppPickerActivity
ADDED from src\main\AndroidManifest.xml:95:9-97:44
	android:stateNotNeeded
		ADDED from src\main\AndroidManifest.xml:97:13-42
	android:label
		ADDED from src\main\AndroidManifest.xml:96:13-52
	android:name
		ADDED from src\main\AndroidManifest.xml:95:19-89
activity#com.google.zxing.client.android.HelpActivity
ADDED from src\main\AndroidManifest.xml:98:9-101:44
	android:screenOrientation
		ADDED from src\main\AndroidManifest.xml:100:13-45
	android:stateNotNeeded
		ADDED from src\main\AndroidManifest.xml:101:13-42
	android:label
		ADDED from src\main\AndroidManifest.xml:99:13-46
	android:name
		ADDED from src\main\AndroidManifest.xml:98:19-78
uses-sdk
ADDED from src\main\AndroidManifest.xml:106:5-74
MERGED from [:CordovaLib] AndroidManifest.xml:25:5-44
MERGED from [:CordovaLib] AndroidManifest.xml:25:5-44
MERGED from [com.android.support:appcompat-v7:24.1.1] AndroidManifest.xml:21:5-23:78
MERGED from [com.android.support:appcompat-v7:24.1.1] AndroidManifest.xml:21:5-23:78
MERGED from [com.android.support:animated-vector-drawable:24.1.1] AndroidManifest.xml:20:5-44
MERGED from [com.android.support:animated-vector-drawable:24.1.1] AndroidManifest.xml:20:5-44
MERGED from [com.android.support:support-vector-drawable:24.1.1] AndroidManifest.xml:21:5-43
MERGED from [com.android.support:support-vector-drawable:24.1.1] AndroidManifest.xml:21:5-43
MERGED from [com.android.support:support-v4:24.1.1] AndroidManifest.xml:21:5-23:54
MERGED from [com.android.support:support-v4:24.1.1] AndroidManifest.xml:21:5-23:54
	tools:overrideLibrary
		ADDED from [com.android.support:appcompat-v7:24.1.1] AndroidManifest.xml:23:9-75
	android:targetSdkVersion
		ADDED from src\main\AndroidManifest.xml:106:42-71
	android:minSdkVersion
		ADDED from src\main\AndroidManifest.xml:106:15-41
uses-permission#android.permission.READ_CONTACTS
ADDED from src\main\AndroidManifest.xml:107:5-72
	android:name
		ADDED from src\main\AndroidManifest.xml:107:22-69
uses-permission#android.permission.WRITE_CONTACTS
ADDED from src\main\AndroidManifest.xml:108:5-73
	android:name
		ADDED from src\main\AndroidManifest.xml:108:22-70
uses-permission#android.permission.GET_ACCOUNTS
ADDED from src\main\AndroidManifest.xml:109:5-71
	android:name
		ADDED from src\main\AndroidManifest.xml:109:22-68
uses-permission#android.permission.WRITE_EXTERNAL_STORAGE
ADDED from src\main\AndroidManifest.xml:110:5-81
	android:name
		ADDED from src\main\AndroidManifest.xml:110:22-78
uses-permission#android.permission.RECORD_AUDIO
ADDED from src\main\AndroidManifest.xml:111:5-71
	android:name
		ADDED from src\main\AndroidManifest.xml:111:22-68
uses-permission#android.permission.RECORD_VIDEO
ADDED from src\main\AndroidManifest.xml:112:5-71
	android:name
		ADDED from src\main\AndroidManifest.xml:112:22-68
uses-permission#android.permission.READ_EXTERNAL_STORAGE
ADDED from src\main\AndroidManifest.xml:113:5-80
	android:name
		ADDED from src\main\AndroidManifest.xml:113:22-77
uses-permission#android.permission.CAMERA
ADDED from src\main\AndroidManifest.xml:114:5-64
	android:name
		ADDED from src\main\AndroidManifest.xml:114:22-62
uses-permission#android.permission.VIBRATE
ADDED from src\main\AndroidManifest.xml:115:5-65
	android:name
		ADDED from src\main\AndroidManifest.xml:115:22-63
uses-permission#android.permission.FLASHLIGHT
ADDED from src\main\AndroidManifest.xml:117:5-69
	android:name
		ADDED from src\main\AndroidManifest.xml:117:22-66
uses-feature#android.hardware.camera
ADDED from src\main\AndroidManifest.xml:118:5-60
	android:name
		ADDED from src\main\AndroidManifest.xml:118:19-57
uses-feature#android.hardware.camera.autofocus
ADDED from src\main\AndroidManifest.xml:119:5-70
	android:name
		ADDED from src\main\AndroidManifest.xml:119:19-67
meta-data#android.support.FILE_PROVIDER_PATHS
ADDED from src\main\AndroidManifest.xml:103:13-123
	android:resource
		ADDED from src\main\AndroidManifest.xml:103:75-120
	android:name
		ADDED from src\main\AndroidManifest.xml:103:24-74